

Microchip MPLAB XC8 Assembler V2.35 build 20211206165544 
                                                                                               Fri Jul 29 00:46:41 2022

Microchip MPLAB XC8 C Compiler v2.35 (Free license) build 20211206165544 Og1 
     1                           	processor	16F887
     2                           	pagewidth 120
     3                           	opt	flic
     4                           	psect	cinit,global,class=CODE,merge=1,delta=2
     5                           	psect	bssCOMMON,global,class=COMMON,space=1,delta=1,noexec
     6                           	psect	cstackCOMMON,global,class=COMMON,space=1,delta=1,noexec
     7                           	psect	maintext,global,class=CODE,split=1,delta=2
     8                           	psect	text1,local,class=CODE,merge=1,delta=2
     9                           	psect	text2,local,class=CODE,merge=1,delta=2
    10                           	psect	config,global,abs,ovrld,class=CONFIG,space=4,delta=2,noexec
    11                           	dabs	1,0x7E,2
    12  0000                     
    13                           ; Version 2.20
    14                           ; Generated 12/02/2020 GMT
    15                           ; 
    16                           ; Copyright © 2020, Microchip Technology Inc. and its subsidiaries ("Microchip")
    17                           ; All rights reserved.
    18                           ; 
    19                           ; This software is developed by Microchip Technology Inc. and its subsidiaries ("Microch
      +                          ip").
    20                           ; 
    21                           ; Redistribution and use in source and binary forms, with or without modification, are
    22                           ; permitted provided that the following conditions are met:
    23                           ; 
    24                           ;     1. Redistributions of source code must retain the above copyright notice, this lis
      +                          t of
    25                           ;        conditions and the following disclaimer.
    26                           ; 
    27                           ;     2. Redistributions in binary form must reproduce the above copyright notice, this 
      +                          list
    28                           ;        of conditions and the following disclaimer in the documentation and/or other
    29                           ;        materials provided with the distribution.
    30                           ; 
    31                           ;     3. Microchip's name may not be used to endorse or promote products derived from th
      +                          is
    32                           ;        software without specific prior written permission.
    33                           ; 
    34                           ; THIS SOFTWARE IS PROVIDED BY MICROCHIP "AS IS" AND ANY EXPRESS OR IMPLIED WARRANTIES,
    35                           ; INCLUDING, BUT NOT LIMITED TO, THE IMPLIED WARRANTIES OF MERCHANTABILITY AND FITNESS F
      +                          OR
    36                           ; PURPOSE ARE DISCLAIMED.  IN NO EVENT SHALL MICROCHIP BE LIABLE FOR ANY DIRECT, INDIREC
      +                          T,
    37                           ; INCIDENTAL, SPECIAL, EXEMPLARY, OR CONSEQUENTIAL DAMAGES (INCLUDING BUT NOT LIMITED TO
    38                           ; PROCUREMENT OF SUBSTITUTE GOODS OR SERVICES; LOSS OF USE, DATA OR PROFITS; OR BUSINESS
    39                           ; INTERRUPTION) HOWSOEVER CAUSED AND ON ANY THEORY OF LIABILITY, WHETHER IN CONTRACT, ST
      +                          RICT
    40                           ; LIABILITY, OR TORT (INCLUDING NEGLIGENCE OR OTHERWISE) ARISING IN ANY WAY OUT OF THE U
      +                          SE OF
    41                           ; THIS SOFTWARE, EVEN IF ADVISED OF THE POSSIBILITY OF SUCH DAMAGE.
    42                           ; 
    43                           ; 
    44                           ; Code-generator required, PIC16F887 Definitions
    45                           ; 
    46                           ; SFR Addresses
    47  0000                     	;# 
    48  0001                     	;# 
    49  0002                     	;# 
    50  0003                     	;# 
    51  0004                     	;# 
    52  0005                     	;# 
    53  0006                     	;# 
    54  0007                     	;# 
    55  0008                     	;# 
    56  0009                     	;# 
    57  000A                     	;# 
    58  000B                     	;# 
    59  000C                     	;# 
    60  000D                     	;# 
    61  000E                     	;# 
    62  000E                     	;# 
    63  000F                     	;# 
    64  0010                     	;# 
    65  0011                     	;# 
    66  0012                     	;# 
    67  0013                     	;# 
    68  0014                     	;# 
    69  0015                     	;# 
    70  0015                     	;# 
    71  0016                     	;# 
    72  0017                     	;# 
    73  0018                     	;# 
    74  0019                     	;# 
    75  001A                     	;# 
    76  001B                     	;# 
    77  001B                     	;# 
    78  001C                     	;# 
    79  001D                     	;# 
    80  001E                     	;# 
    81  001F                     	;# 
    82  0081                     	;# 
    83  0085                     	;# 
    84  0086                     	;# 
    85  0087                     	;# 
    86  0088                     	;# 
    87  0089                     	;# 
    88  008C                     	;# 
    89  008D                     	;# 
    90  008E                     	;# 
    91  008F                     	;# 
    92  0090                     	;# 
    93  0091                     	;# 
    94  0092                     	;# 
    95  0093                     	;# 
    96  0093                     	;# 
    97  0093                     	;# 
    98  0094                     	;# 
    99  0095                     	;# 
   100  0096                     	;# 
   101  0097                     	;# 
   102  0098                     	;# 
   103  0099                     	;# 
   104  009A                     	;# 
   105  009B                     	;# 
   106  009C                     	;# 
   107  009D                     	;# 
   108  009E                     	;# 
   109  009F                     	;# 
   110  0105                     	;# 
   111  0107                     	;# 
   112  0108                     	;# 
   113  0109                     	;# 
   114  010C                     	;# 
   115  010C                     	;# 
   116  010D                     	;# 
   117  010E                     	;# 
   118  010F                     	;# 
   119  0185                     	;# 
   120  0187                     	;# 
   121  0188                     	;# 
   122  0189                     	;# 
   123  018C                     	;# 
   124  018D                     	;# 
   125  0000                     	;# 
   126  0001                     	;# 
   127  0002                     	;# 
   128  0003                     	;# 
   129  0004                     	;# 
   130  0005                     	;# 
   131  0006                     	;# 
   132  0007                     	;# 
   133  0008                     	;# 
   134  0009                     	;# 
   135  000A                     	;# 
   136  000B                     	;# 
   137  000C                     	;# 
   138  000D                     	;# 
   139  000E                     	;# 
   140  000E                     	;# 
   141  000F                     	;# 
   142  0010                     	;# 
   143  0011                     	;# 
   144  0012                     	;# 
   145  0013                     	;# 
   146  0014                     	;# 
   147  0015                     	;# 
   148  0015                     	;# 
   149  0016                     	;# 
   150  0017                     	;# 
   151  0018                     	;# 
   152  0019                     	;# 
   153  001A                     	;# 
   154  001B                     	;# 
   155  001B                     	;# 
   156  001C                     	;# 
   157  001D                     	;# 
   158  001E                     	;# 
   159  001F                     	;# 
   160  0081                     	;# 
   161  0085                     	;# 
   162  0086                     	;# 
   163  0087                     	;# 
   164  0088                     	;# 
   165  0089                     	;# 
   166  008C                     	;# 
   167  008D                     	;# 
   168  008E                     	;# 
   169  008F                     	;# 
   170  0090                     	;# 
   171  0091                     	;# 
   172  0092                     	;# 
   173  0093                     	;# 
   174  0093                     	;# 
   175  0093                     	;# 
   176  0094                     	;# 
   177  0095                     	;# 
   178  0096                     	;# 
   179  0097                     	;# 
   180  0098                     	;# 
   181  0099                     	;# 
   182  009A                     	;# 
   183  009B                     	;# 
   184  009C                     	;# 
   185  009D                     	;# 
   186  009E                     	;# 
   187  009F                     	;# 
   188  0105                     	;# 
   189  0107                     	;# 
   190  0108                     	;# 
   191  0109                     	;# 
   192  010C                     	;# 
   193  010C                     	;# 
   194  010D                     	;# 
   195  010E                     	;# 
   196  010F                     	;# 
   197  0185                     	;# 
   198  0187                     	;# 
   199  0188                     	;# 
   200  0189                     	;# 
   201  018C                     	;# 
   202  018D                     	;# 
   203  0000                     	;# 
   204  0001                     	;# 
   205  0002                     	;# 
   206  0003                     	;# 
   207  0004                     	;# 
   208  0005                     	;# 
   209  0006                     	;# 
   210  0007                     	;# 
   211  0008                     	;# 
   212  0009                     	;# 
   213  000A                     	;# 
   214  000B                     	;# 
   215  000C                     	;# 
   216  000D                     	;# 
   217  000E                     	;# 
   218  000E                     	;# 
   219  000F                     	;# 
   220  0010                     	;# 
   221  0011                     	;# 
   222  0012                     	;# 
   223  0013                     	;# 
   224  0014                     	;# 
   225  0015                     	;# 
   226  0015                     	;# 
   227  0016                     	;# 
   228  0017                     	;# 
   229  0018                     	;# 
   230  0019                     	;# 
   231  001A                     	;# 
   232  001B                     	;# 
   233  001B                     	;# 
   234  001C                     	;# 
   235  001D                     	;# 
   236  001E                     	;# 
   237  001F                     	;# 
   238  0081                     	;# 
   239  0085                     	;# 
   240  0086                     	;# 
   241  0087                     	;# 
   242  0088                     	;# 
   243  0089                     	;# 
   244  008C                     	;# 
   245  008D                     	;# 
   246  008E                     	;# 
   247  008F                     	;# 
   248  0090                     	;# 
   249  0091                     	;# 
   250  0092                     	;# 
   251  0093                     	;# 
   252  0093                     	;# 
   253  0093                     	;# 
   254  0094                     	;# 
   255  0095                     	;# 
   256  0096                     	;# 
   257  0097                     	;# 
   258  0098                     	;# 
   259  0099                     	;# 
   260  009A                     	;# 
   261  009B                     	;# 
   262  009C                     	;# 
   263  009D                     	;# 
   264  009E                     	;# 
   265  009F                     	;# 
   266  0105                     	;# 
   267  0107                     	;# 
   268  0108                     	;# 
   269  0109                     	;# 
   270  010C                     	;# 
   271  010C                     	;# 
   272  010D                     	;# 
   273  010E                     	;# 
   274  010F                     	;# 
   275  0185                     	;# 
   276  0187                     	;# 
   277  0188                     	;# 
   278  0189                     	;# 
   279  018C                     	;# 
   280  018D                     	;# 
   281  0000                     	;# 
   282  0001                     	;# 
   283  0002                     	;# 
   284  0003                     	;# 
   285  0004                     	;# 
   286  0005                     	;# 
   287  0006                     	;# 
   288  0007                     	;# 
   289  0008                     	;# 
   290  0009                     	;# 
   291  000A                     	;# 
   292  000B                     	;# 
   293  000C                     	;# 
   294  000D                     	;# 
   295  000E                     	;# 
   296  000E                     	;# 
   297  000F                     	;# 
   298  0010                     	;# 
   299  0011                     	;# 
   300  0012                     	;# 
   301  0013                     	;# 
   302  0014                     	;# 
   303  0015                     	;# 
   304  0015                     	;# 
   305  0016                     	;# 
   306  0017                     	;# 
   307  0018                     	;# 
   308  0019                     	;# 
   309  001A                     	;# 
   310  001B                     	;# 
   311  001B                     	;# 
   312  001C                     	;# 
   313  001D                     	;# 
   314  001E                     	;# 
   315  001F                     	;# 
   316  0081                     	;# 
   317  0085                     	;# 
   318  0086                     	;# 
   319  0087                     	;# 
   320  0088                     	;# 
   321  0089                     	;# 
   322  008C                     	;# 
   323  008D                     	;# 
   324  008E                     	;# 
   325  008F                     	;# 
   326  0090                     	;# 
   327  0091                     	;# 
   328  0092                     	;# 
   329  0093                     	;# 
   330  0093                     	;# 
   331  0093                     	;# 
   332  0094                     	;# 
   333  0095                     	;# 
   334  0096                     	;# 
   335  0097                     	;# 
   336  0098                     	;# 
   337  0099                     	;# 
   338  009A                     	;# 
   339  009B                     	;# 
   340  009C                     	;# 
   341  009D                     	;# 
   342  009E                     	;# 
   343  009F                     	;# 
   344  0105                     	;# 
   345  0107                     	;# 
   346  0108                     	;# 
   347  0109                     	;# 
   348  010C                     	;# 
   349  010C                     	;# 
   350  010D                     	;# 
   351  010E                     	;# 
   352  010F                     	;# 
   353  0185                     	;# 
   354  0187                     	;# 
   355  0188                     	;# 
   356  0189                     	;# 
   357  018C                     	;# 
   358  018D                     	;# 
   359  0000                     	;# 
   360  0001                     	;# 
   361  0002                     	;# 
   362  0003                     	;# 
   363  0004                     	;# 
   364  0005                     	;# 
   365  0006                     	;# 
   366  0007                     	;# 
   367  0008                     	;# 
   368  0009                     	;# 
   369  000A                     	;# 
   370  000B                     	;# 
   371  000C                     	;# 
   372  000D                     	;# 
   373  000E                     	;# 
   374  000E                     	;# 
   375  000F                     	;# 
   376  0010                     	;# 
   377  0011                     	;# 
   378  0012                     	;# 
   379  0013                     	;# 
   380  0014                     	;# 
   381  0015                     	;# 
   382  0015                     	;# 
   383  0016                     	;# 
   384  0017                     	;# 
   385  0018                     	;# 
   386  0019                     	;# 
   387  001A                     	;# 
   388  001B                     	;# 
   389  001B                     	;# 
   390  001C                     	;# 
   391  001D                     	;# 
   392  001E                     	;# 
   393  001F                     	;# 
   394  0081                     	;# 
   395  0085                     	;# 
   396  0086                     	;# 
   397  0087                     	;# 
   398  0088                     	;# 
   399  0089                     	;# 
   400  008C                     	;# 
   401  008D                     	;# 
   402  008E                     	;# 
   403  008F                     	;# 
   404  0090                     	;# 
   405  0091                     	;# 
   406  0092                     	;# 
   407  0093                     	;# 
   408  0093                     	;# 
   409  0093                     	;# 
   410  0094                     	;# 
   411  0095                     	;# 
   412  0096                     	;# 
   413  0097                     	;# 
   414  0098                     	;# 
   415  0099                     	;# 
   416  009A                     	;# 
   417  009B                     	;# 
   418  009C                     	;# 
   419  009D                     	;# 
   420  009E                     	;# 
   421  009F                     	;# 
   422  0105                     	;# 
   423  0107                     	;# 
   424  0108                     	;# 
   425  0109                     	;# 
   426  010C                     	;# 
   427  010C                     	;# 
   428  010D                     	;# 
   429  010E                     	;# 
   430  010F                     	;# 
   431  0185                     	;# 
   432  0187                     	;# 
   433  0188                     	;# 
   434  0189                     	;# 
   435  018C                     	;# 
   436  018D                     	;# 
   437  0000                     	;# 
   438  0001                     	;# 
   439  0002                     	;# 
   440  0003                     	;# 
   441  0004                     	;# 
   442  0005                     	;# 
   443  0006                     	;# 
   444  0007                     	;# 
   445  0008                     	;# 
   446  0009                     	;# 
   447  000A                     	;# 
   448  000B                     	;# 
   449  000C                     	;# 
   450  000D                     	;# 
   451  000E                     	;# 
   452  000E                     	;# 
   453  000F                     	;# 
   454  0010                     	;# 
   455  0011                     	;# 
   456  0012                     	;# 
   457  0013                     	;# 
   458  0014                     	;# 
   459  0015                     	;# 
   460  0015                     	;# 
   461  0016                     	;# 
   462  0017                     	;# 
   463  0018                     	;# 
   464  0019                     	;# 
   465  001A                     	;# 
   466  001B                     	;# 
   467  001B                     	;# 
   468  001C                     	;# 
   469  001D                     	;# 
   470  001E                     	;# 
   471  001F                     	;# 
   472  0081                     	;# 
   473  0085                     	;# 
   474  0086                     	;# 
   475  0087                     	;# 
   476  0088                     	;# 
   477  0089                     	;# 
   478  008C                     	;# 
   479  008D                     	;# 
   480  008E                     	;# 
   481  008F                     	;# 
   482  0090                     	;# 
   483  0091                     	;# 
   484  0092                     	;# 
   485  0093                     	;# 
   486  0093                     	;# 
   487  0093                     	;# 
   488  0094                     	;# 
   489  0095                     	;# 
   490  0096                     	;# 
   491  0097                     	;# 
   492  0098                     	;# 
   493  0099                     	;# 
   494  009A                     	;# 
   495  009B                     	;# 
   496  009C                     	;# 
   497  009D                     	;# 
   498  009E                     	;# 
   499  009F                     	;# 
   500  0105                     	;# 
   501  0107                     	;# 
   502  0108                     	;# 
   503  0109                     	;# 
   504  010C                     	;# 
   505  010C                     	;# 
   506  010D                     	;# 
   507  010E                     	;# 
   508  010F                     	;# 
   509  0185                     	;# 
   510  0187                     	;# 
   511  0188                     	;# 
   512  0189                     	;# 
   513  018C                     	;# 
   514  018D                     	;# 
   515  0001                     _TMR0	set	1
   516  000B                     _INTCONbits	set	11
   517  0012                     _T2CONbits	set	18
   518  001B                     _CCPR2L	set	27
   519  001D                     _CCP2CONbits	set	29
   520  0015                     _CCPR1L	set	21
   521  0017                     _CCP1CONbits	set	23
   522  001E                     _ADRESH	set	30
   523  000C                     _PIR1bits	set	12
   524  001F                     _ADCON0bits	set	31
   525  0081                     _OPTION_REGbits	set	129
   526  0092                     _PR2	set	146
   527  0087                     _TRISCbits	set	135
   528  009E                     _ADRESL	set	158
   529  009F                     _ADCON1bits	set	159
   530  008F                     _OSCCONbits	set	143
   531                           
   532                           	psect	cinit
   533  07F4                     start_initialization:	
   534                           ; #config settings
   535                           
   536  07F4                     __initialization:
   537                           
   538                           ; Clear objects allocated to COMMON
   539  07F4  01F0               	clrf	__pbssCOMMON& (0+127)
   540  07F5  01F1               	clrf	(__pbssCOMMON+1)& (0+127)
   541  07F6  01F2               	clrf	(__pbssCOMMON+2)& (0+127)
   542  07F7  01F3               	clrf	(__pbssCOMMON+3)& (0+127)
   543  07F8  01F4               	clrf	(__pbssCOMMON+4)& (0+127)
   544  07F9  01F5               	clrf	(__pbssCOMMON+5)& (0+127)
   545  07FA  01F6               	clrf	(__pbssCOMMON+6)& (0+127)
   546  07FB  01F7               	clrf	(__pbssCOMMON+7)& (0+127)
   547  07FC                     end_of_initialization:	
   548                           ;End of C runtime variable initialization code
   549                           
   550  07FC                     __end_of__initialization:
   551  07FC  0183               	clrf	3
   552  07FD  120A  118A  2F56   	ljmp	_main	;jump to C main() function
   553                           
   554                           	psect	bssCOMMON
   555  0070                     __pbssCOMMON:
   556  0070                     _out_max:
   557  0070                     	ds	2
   558  0072                     _out_min:
   559  0072                     	ds	2
   560  0074                     _val:
   561  0074                     	ds	2
   562  0076                     _input_max:
   563  0076                     	ds	1
   564  0077                     _input_small:
   565  0077                     	ds	1
   566                           
   567                           	psect	cstackCOMMON
   568  0078                     __pcstackCOMMON:
   569  0078                     ?_adc_init:
   570  0078                     ?_int_osc_MHz:	
   571                           ; 1 bytes @ 0x0
   572                           
   573  0078                     ??_int_osc_MHz:	
   574                           ; 1 bytes @ 0x0
   575                           
   576  0078                     ?_main:	
   577                           ; 1 bytes @ 0x0
   578                           
   579  0078                     adc_init@vref_plus:	
   580                           ; 1 bytes @ 0x0
   581                           
   582                           
   583                           ; 1 bytes @ 0x0
   584  0078                     	ds	1
   585  0079                     adc_init@vref_minus:
   586                           
   587                           ; 1 bytes @ 0x1
   588  0079                     	ds	1
   589  007A                     ??_adc_init:
   590  007A                     int_osc_MHz@freq:	
   591                           ; 1 bytes @ 0x2
   592                           
   593                           
   594                           ; 1 bytes @ 0x2
   595  007A                     	ds	2
   596  007C                     adc_init@adc_cs:
   597                           
   598                           ; 1 bytes @ 0x4
   599  007C                     	ds	1
   600  007D                     ??_main:
   601                           
   602                           	psect	maintext
   603  0756                     __pmaintext:	
   604                           ; 1 bytes @ 0x5
   605 ;;
   606 ;;Main: autosize = 0, tempsize = 0, incstack = 0, save=0
   607 ;;
   608 ;; *************** function _main *****************
   609 ;; Defined at:
   610 ;;		line 32 in file "MainL1.c"
   611 ;; Parameters:    Size  Location     Type
   612 ;;		None
   613 ;; Auto vars:     Size  Location     Type
   614 ;;		None
   615 ;; Return value:  Size  Location     Type
   616 ;;                  1    wreg      void 
   617 ;; Registers used:
   618 ;;		wreg, fsr0l, fsr0h, status,2, status,0, pclath, cstack
   619 ;; Tracked objects:
   620 ;;		On entry : B00/0
   621 ;;		On exit  : 0/0
   622 ;;		Unchanged: 0/0
   623 ;; Data sizes:     COMMON   BANK0   BANK1   BANK3   BANK2
   624 ;;      Params:         0       0       0       0       0
   625 ;;      Locals:         0       0       0       0       0
   626 ;;      Temps:          0       0       0       0       0
   627 ;;      Totals:         0       0       0       0       0
   628 ;;Total ram usage:        0 bytes
   629 ;; Hardware stack levels required when called: 1
   630 ;; This function calls:
   631 ;;		_adc_init
   632 ;;		_int_osc_MHz
   633 ;; This function is called by:
   634 ;;		Startup code after reset
   635 ;; This function uses a non-reentrant model
   636 ;;
   637                           
   638  0756                     _main:	
   639                           ;psect for function _main
   640                           
   641  0756                     l883:	
   642                           ;incstack = 0
   643                           ; Regs used in _main: [wreg-fsr0h+status,2+status,0+pclath+cstack]
   644                           
   645                           
   646                           ;MainL1.c: 33:     int_osc_MHz(10);
   647  0756  300A               	movlw	10
   648  0757  120A  118A  2769  120A  118A  	fcall	_int_osc_MHz
   649                           
   650                           ;MainL1.c: 34:     adc_init(1,1,1);
   651  075C  01F8               	clrf	adc_init@vref_plus
   652  075D  0AF8               	incf	adc_init@vref_plus,f
   653  075E  01F9               	clrf	adc_init@vref_minus
   654  075F  0AF9               	incf	adc_init@vref_minus,f
   655  0760  3001               	movlw	1
   656  0761  120A  118A  27A4  120A  118A  	fcall	_adc_init
   657  0766                     l21:
   658  0766  120A  118A  2800   	ljmp	start
   659  0769                     __end_of_main:
   660                           
   661                           	psect	text1
   662  0769                     __ptext1:	
   663 ;; *************** function _int_osc_MHz *****************
   664 ;; Defined at:
   665 ;;		line 7 in file "OSCILADOR.c"
   666 ;; Parameters:    Size  Location     Type
   667 ;;  freq            1    wreg     unsigned char 
   668 ;; Auto vars:     Size  Location     Type
   669 ;;  freq            1    2[COMMON] unsigned char 
   670 ;; Return value:  Size  Location     Type
   671 ;;                  1    wreg      void 
   672 ;; Registers used:
   673 ;;		wreg, fsr0l, fsr0h, status,2, status,0
   674 ;; Tracked objects:
   675 ;;		On entry : 0/0
   676 ;;		On exit  : 0/0
   677 ;;		Unchanged: 0/0
   678 ;; Data sizes:     COMMON   BANK0   BANK1   BANK3   BANK2
   679 ;;      Params:         0       0       0       0       0
   680 ;;      Locals:         1       0       0       0       0
   681 ;;      Temps:          2       0       0       0       0
   682 ;;      Totals:         3       0       0       0       0
   683 ;;Total ram usage:        3 bytes
   684 ;; Hardware stack levels used: 1
   685 ;; This function calls:
   686 ;;		Nothing
   687 ;; This function is called by:
   688 ;;		_main
   689 ;; This function uses a non-reentrant model
   690 ;;
   691                           
   692  0769                     _int_osc_MHz:	
   693                           ;psect for function _int_osc_MHz
   694                           
   695                           
   696                           ;incstack = 0
   697                           ; Regs used in _int_osc_MHz: [wreg-fsr0h+status,2+status,0]
   698                           ;int_osc_MHz@freq stored from wreg
   699  0769  00FA               	movwf	int_osc_MHz@freq
   700  076A                     l715:
   701                           
   702                           ;OSCILADOR.c: 8:     switch(freq) {
   703  076A  2F8C               	goto	l727
   704  076B                     l717:
   705                           
   706                           ;OSCILADOR.c: 10:             OSCCONbits.IRCF = 0b100;
   707  076B  1683               	bsf	3,5	;RP0=1, select bank1
   708  076C  1303               	bcf	3,6	;RP1=0, select bank1
   709  076D  080F               	movf	15,w	;volatile
   710  076E  398F               	andlw	-113
   711  076F  3840               	iorlw	64
   712  0770  008F               	movwf	15	;volatile
   713                           
   714                           ;OSCILADOR.c: 12:             break;
   715  0771  2FA2               	goto	l7
   716  0772                     l719:
   717                           
   718                           ;OSCILADOR.c: 15:             OSCCONbits.IRCF = 0b101;
   719  0772  1683               	bsf	3,5	;RP0=1, select bank1
   720  0773  1303               	bcf	3,6	;RP1=0, select bank1
   721  0774  080F               	movf	15,w	;volatile
   722  0775  398F               	andlw	-113
   723  0776  3850               	iorlw	80
   724  0777  008F               	movwf	15	;volatile
   725                           
   726                           ;OSCILADOR.c: 17:             break;
   727  0778  2FA2               	goto	l7
   728  0779                     l721:
   729                           
   730                           ;OSCILADOR.c: 20:             OSCCONbits.IRCF = 0b110;
   731  0779  1683               	bsf	3,5	;RP0=1, select bank1
   732  077A  1303               	bcf	3,6	;RP1=0, select bank1
   733  077B  080F               	movf	15,w	;volatile
   734  077C  398F               	andlw	-113
   735  077D  3860               	iorlw	96
   736  077E  008F               	movwf	15	;volatile
   737                           
   738                           ;OSCILADOR.c: 22:             break;
   739  077F  2FA2               	goto	l7
   740  0780                     l723:
   741                           
   742                           ;OSCILADOR.c: 25:             OSCCONbits.IRCF = 0b111;
   743  0780  3070               	movlw	112
   744  0781  1683               	bsf	3,5	;RP0=1, select bank1
   745  0782  1303               	bcf	3,6	;RP1=0, select bank1
   746  0783  048F               	iorwf	15,f	;volatile
   747                           
   748                           ;OSCILADOR.c: 27:             break;
   749  0784  2FA2               	goto	l7
   750  0785                     l725:
   751                           
   752                           ;OSCILADOR.c: 31:             OSCCONbits.IRCF = 0b110;
   753  0785  1683               	bsf	3,5	;RP0=1, select bank1
   754  0786  1303               	bcf	3,6	;RP1=0, select bank1
   755  0787  080F               	movf	15,w	;volatile
   756  0788  398F               	andlw	-113
   757  0789  3860               	iorlw	96
   758  078A  008F               	movwf	15	;volatile
   759                           
   760                           ;OSCILADOR.c: 33:     }
   761  078B  2FA2               	goto	l7
   762  078C                     l727:
   763  078C  087A               	movf	int_osc_MHz@freq,w
   764  078D  00F8               	movwf	??_int_osc_MHz
   765  078E  01F9               	clrf	??_int_osc_MHz+1
   766                           
   767                           ; Switch on 2 bytes has been partitioned into a top level switch of size 1, and 1 sub-sw
      +                          itches
   768                           ; Switch size 1, requested type "simple"
   769                           ; Number of cases is 1, Range of values is 0 to 0
   770                           ; switch strategies available:
   771                           ; Name         Instructions Cycles
   772                           ; simple_byte            4     3 (average)
   773                           ; direct_byte           11     8 (fixed)
   774                           ; jumptable            260     6 (fixed)
   775                           ;	Chosen strategy is simple_byte
   776  078F  0879               	movf	??_int_osc_MHz+1,w
   777  0790  3A00               	xorlw	0	; case 0
   778  0791  1903               	skipnz
   779  0792  2F94               	goto	l927
   780  0793  2F85               	goto	l725
   781  0794                     l927:
   782                           
   783                           ; Switch size 1, requested type "simple"
   784                           ; Number of cases is 4, Range of values is 1 to 8
   785                           ; switch strategies available:
   786                           ; Name         Instructions Cycles
   787                           ; simple_byte           13     7 (average)
   788                           ; direct_byte           35    11 (fixed)
   789                           ; jumptable            263     9 (fixed)
   790                           ;	Chosen strategy is simple_byte
   791  0794  0878               	movf	??_int_osc_MHz,w
   792  0795  3A01               	xorlw	1	; case 1
   793  0796  1903               	skipnz
   794  0797  2F6B               	goto	l717
   795  0798  3A03               	xorlw	3	; case 2
   796  0799  1903               	skipnz
   797  079A  2F72               	goto	l719
   798  079B  3A06               	xorlw	6	; case 4
   799  079C  1903               	skipnz
   800  079D  2F79               	goto	l721
   801  079E  3A0C               	xorlw	12	; case 8
   802  079F  1903               	skipnz
   803  07A0  2F80               	goto	l723
   804  07A1  2F85               	goto	l725
   805  07A2                     l7:
   806                           
   807                           ;OSCILADOR.c: 34:     OSCCONbits.SCS = 1;
   808  07A2  140F               	bsf	15,0	;volatile
   809  07A3                     l12:	
   810                           ;OSCILADOR.c: 36:     return;
   811                           
   812  07A3  0008               	return
   813  07A4                     __end_of_int_osc_MHz:
   814                           
   815                           	psect	text2
   816  07A4                     __ptext2:	
   817 ;; *************** function _adc_init *****************
   818 ;; Defined at:
   819 ;;		line 3 in file "ADCconf.c"
   820 ;; Parameters:    Size  Location     Type
   821 ;;  adc_cs          1    wreg     unsigned char 
   822 ;;  vref_plus       1    0[COMMON] unsigned char 
   823 ;;  vref_minus      1    1[COMMON] unsigned char 
   824 ;; Auto vars:     Size  Location     Type
   825 ;;  adc_cs          1    4[COMMON] unsigned char 
   826 ;; Return value:  Size  Location     Type
   827 ;;                  1    wreg      void 
   828 ;; Registers used:
   829 ;;		wreg, fsr0l, fsr0h, status,2, status,0
   830 ;; Tracked objects:
   831 ;;		On entry : 0/0
   832 ;;		On exit  : 0/0
   833 ;;		Unchanged: 0/0
   834 ;; Data sizes:     COMMON   BANK0   BANK1   BANK3   BANK2
   835 ;;      Params:         2       0       0       0       0
   836 ;;      Locals:         1       0       0       0       0
   837 ;;      Temps:          2       0       0       0       0
   838 ;;      Totals:         5       0       0       0       0
   839 ;;Total ram usage:        5 bytes
   840 ;; Hardware stack levels used: 1
   841 ;; This function calls:
   842 ;;		Nothing
   843 ;; This function is called by:
   844 ;;		_main
   845 ;; This function uses a non-reentrant model
   846 ;;
   847                           
   848  07A4                     _adc_init:	
   849                           ;psect for function _adc_init
   850                           
   851                           
   852                           ;incstack = 0
   853                           ; Regs used in _adc_init: [wreg-fsr0h+status,2+status,0]
   854                           ;adc_init@adc_cs stored from wreg
   855  07A4  00FC               	movwf	adc_init@adc_cs
   856  07A5                     l865:
   857                           
   858                           ;ADCconf.c: 4:     switch(adc_cs){
   859  07A5  2FBF               	goto	l869
   860  07A6                     l867:
   861                           
   862                           ;ADCconf.c: 6:             ADCON0bits.ADCS = 0b00;
   863  07A6  303F               	movlw	-193
   864  07A7  1283               	bcf	3,5	;RP0=0, select bank0
   865  07A8  1303               	bcf	3,6	;RP1=0, select bank0
   866  07A9  059F               	andwf	31,f	;volatile
   867  07AA                     l36:	
   868                           ;ADCconf.c: 8:         case 2:
   869                           
   870                           
   871                           ;ADCconf.c: 9:             ADCON0bits.ADCS = 0b01;
   872  07AA  1283               	bcf	3,5	;RP0=0, select bank0
   873  07AB  1303               	bcf	3,6	;RP1=0, select bank0
   874  07AC  081F               	movf	31,w	;volatile
   875  07AD  393F               	andlw	-193
   876  07AE  3840               	iorlw	64
   877  07AF  009F               	movwf	31	;volatile
   878  07B0                     l37:	
   879                           ;ADCconf.c: 11:         case 3:
   880                           
   881                           
   882                           ;ADCconf.c: 12:             ADCON0bits.ADCS = 0b10;
   883  07B0  1283               	bcf	3,5	;RP0=0, select bank0
   884  07B1  1303               	bcf	3,6	;RP1=0, select bank0
   885  07B2  081F               	movf	31,w	;volatile
   886  07B3  393F               	andlw	-193
   887  07B4  3880               	iorlw	128
   888  07B5  009F               	movwf	31	;volatile
   889  07B6                     l38:	
   890                           ;ADCconf.c: 14:         case 4:
   891                           
   892                           
   893                           ;ADCconf.c: 15:             ADCON0bits.ADCS = 0b11;
   894  07B6  30C0               	movlw	192
   895  07B7  1283               	bcf	3,5	;RP0=0, select bank0
   896  07B8  1303               	bcf	3,6	;RP1=0, select bank0
   897  07B9  049F               	iorwf	31,f	;volatile
   898  07BA                     l39:	
   899                           ;ADCconf.c: 17:         default:
   900                           
   901                           
   902                           ;ADCconf.c: 18:            ADCON0bits.ADCS = 0b11;
   903  07BA  30C0               	movlw	192
   904  07BB  1283               	bcf	3,5	;RP0=0, select bank0
   905  07BC  1303               	bcf	3,6	;RP1=0, select bank0
   906  07BD  049F               	iorwf	31,f	;volatile
   907                           
   908                           ;ADCconf.c: 19:     }
   909  07BE  2FD5               	goto	l871
   910  07BF                     l869:
   911  07BF  087C               	movf	adc_init@adc_cs,w
   912  07C0  00FA               	movwf	??_adc_init
   913  07C1  01FB               	clrf	??_adc_init+1
   914                           
   915                           ; Switch on 2 bytes has been partitioned into a top level switch of size 1, and 1 sub-sw
      +                          itches
   916                           ; Switch size 1, requested type "simple"
   917                           ; Number of cases is 1, Range of values is 0 to 0
   918                           ; switch strategies available:
   919                           ; Name         Instructions Cycles
   920                           ; simple_byte            4     3 (average)
   921                           ; direct_byte           11     8 (fixed)
   922                           ; jumptable            260     6 (fixed)
   923                           ;	Chosen strategy is simple_byte
   924  07C2  087B               	movf	??_adc_init+1,w
   925  07C3  3A00               	xorlw	0	; case 0
   926  07C4  1903               	skipnz
   927  07C5  2FC7               	goto	l929
   928  07C6  2FBA               	goto	l39
   929  07C7                     l929:
   930                           
   931                           ; Switch size 1, requested type "simple"
   932                           ; Number of cases is 4, Range of values is 1 to 4
   933                           ; switch strategies available:
   934                           ; Name         Instructions Cycles
   935                           ; simple_byte           13     7 (average)
   936                           ; direct_byte           23    11 (fixed)
   937                           ; jumptable            263     9 (fixed)
   938                           ;	Chosen strategy is simple_byte
   939  07C7  087A               	movf	??_adc_init,w
   940  07C8  3A01               	xorlw	1	; case 1
   941  07C9  1903               	skipnz
   942  07CA  2FA6               	goto	l867
   943  07CB  3A03               	xorlw	3	; case 2
   944  07CC  1903               	skipnz
   945  07CD  2FAA               	goto	l36
   946  07CE  3A01               	xorlw	1	; case 3
   947  07CF  1903               	skipnz
   948  07D0  2FB0               	goto	l37
   949  07D1  3A07               	xorlw	7	; case 4
   950  07D2  1903               	skipnz
   951  07D3  2FB6               	goto	l38
   952  07D4  2FBA               	goto	l39
   953  07D5                     l871:
   954                           
   955                           ;ADCconf.c: 20:     if (vref_plus>=0 && vref_plus<=1)
   956  07D5  3002               	movlw	2
   957  07D6  0278               	subwf	adc_init@vref_plus,w
   958  07D7  1803               	skipnc
   959  07D8  2FDA               	goto	u101
   960  07D9  2FDB               	goto	u100
   961  07DA                     u101:
   962  07DA  2FE3               	goto	l41
   963  07DB                     u100:
   964  07DB                     l873:
   965                           
   966                           ;ADCconf.c: 21:         ADCON1bits.VCFG1 = vref_plus;
   967  07DB  0C78               	rrf	adc_init@vref_plus,w
   968  07DC  1683               	bsf	3,5	;RP0=1, select bank1
   969  07DD  1303               	bcf	3,6	;RP1=0, select bank1
   970  07DE  1C03               	skipc
   971  07DF  129F               	bcf	31,5	;volatile
   972  07E0  1803               	skipnc
   973  07E1  169F               	bsf	31,5	;volatile
   974  07E2  2FE6               	goto	l875
   975  07E3                     l41:	
   976                           ;ADCconf.c: 22:     else
   977                           
   978                           
   979                           ;ADCconf.c: 23:         ADCON1bits.VCFG1 =0;
   980  07E3  1683               	bsf	3,5	;RP0=1, select bank1
   981  07E4  1303               	bcf	3,6	;RP1=0, select bank1
   982  07E5  129F               	bcf	31,5	;volatile
   983  07E6                     l875:
   984                           
   985                           ;ADCconf.c: 25:     if(vref_minus>=0 && vref_minus<=1)
   986  07E6  3002               	movlw	2
   987  07E7  0279               	subwf	adc_init@vref_minus,w
   988  07E8  1803               	skipnc
   989  07E9  2FEB               	goto	u111
   990  07EA  2FEC               	goto	u110
   991  07EB                     u111:
   992  07EB  2FF2               	goto	l43
   993  07EC                     u110:
   994  07EC                     l877:
   995                           
   996                           ;ADCconf.c: 26:         ADCON1bits.VCFG0 = vref_minus;
   997  07EC  0C79               	rrf	adc_init@vref_minus,w
   998  07ED  1C03               	skipc
   999  07EE  121F               	bcf	31,4	;volatile
  1000  07EF  1803               	skipnc
  1001  07F0  161F               	bsf	31,4	;volatile
  1002  07F1  2FF3               	goto	l45
  1003  07F2                     l43:	
  1004                           ;ADCconf.c: 27:     else
  1005                           
  1006                           
  1007                           ;ADCconf.c: 28:        ADCON1bits.VCFG0 = 0;
  1008  07F2  121F               	bcf	31,4	;volatile
  1009  07F3                     l45:
  1010  07F3  0008               	return
  1011  07F4                     __end_of_adc_init:
  1012  007E                     btemp	set	126	;btemp
  1013  007E                     wtemp0	set	126
  1014                           
  1015                           	psect	config
  1016                           
  1017                           ;Config register CONFIG1 @ 0x2007
  1018                           ;	Oscillator Selection bits
  1019                           ;	FOSC = INTRC_NOCLKOUT, INTOSCIO oscillator: I/O function on RA6/OSC2/CLKOUT pin, I/O f
      +                          unction on RA7/OSC1/CLKIN
  1020                           ;	Watchdog Timer Enable bit
  1021                           ;	WDTE = OFF, WDT disabled and can be enabled by SWDTEN bit of the WDTCON register
  1022                           ;	Power-up Timer Enable bit
  1023                           ;	PWRTE = OFF, PWRT disabled
  1024                           ;	RE3/MCLR pin function select bit
  1025                           ;	MCLRE = OFF, RE3/MCLR pin function is digital input, MCLR internally tied to VDD
  1026                           ;	Code Protection bit
  1027                           ;	CP = OFF, Program memory code protection is disabled
  1028                           ;	Data Code Protection bit
  1029                           ;	CPD = OFF, Data memory code protection is disabled
  1030                           ;	Brown Out Reset Selection bits
  1031                           ;	BOREN = OFF, BOR disabled
  1032                           ;	Internal External Switchover bit
  1033                           ;	IESO = OFF, Internal/External Switchover mode is disabled
  1034                           ;	Fail-Safe Clock Monitor Enabled bit
  1035                           ;	FCMEN = OFF, Fail-Safe Clock Monitor is disabled
  1036                           ;	Low Voltage Programming Enable bit
  1037                           ;	LVP = OFF, RB3 pin has digital I/O, HV on MCLR must be used for programming
  1038                           ;	In-Circuit Debugger Mode bit
  1039                           ;	DEBUG = 0x1, unprogrammed default
  1040  2007                     	org	8199
  1041  2007  20D4               	dw	8404
  1042                           
  1043                           ;Config register CONFIG2 @ 0x2008
  1044                           ;	Brown-out Reset Selection bit
  1045                           ;	BOR4V = BOR40V, Brown-out Reset set to 4.0V
  1046                           ;	Flash Program Memory Self Write Enable bits
  1047                           ;	WRT = OFF, Write protection off
  1048  2008                     	org	8200
  1049  2008  3FFF               	dw	16383

Data Sizes:
    Strings     0
    Constant    0
    Data        0
    BSS         8
    Persistent  0
    Stack       0

Auto Spaces:
    Space          Size  Autos    Used
    COMMON           14      5      13
    BANK0            80      0       0
    BANK1            80      0       0
    BANK3            96      0       0
    BANK2            96      0       0

Pointer List with Targets:

    None.

Critical Paths under _main in COMMON

    _main->_adc_init

Critical Paths under _main in BANK0

    None.

Critical Paths under _main in BANK1

    None.

Critical Paths under _main in BANK3

    None.

Critical Paths under _main in BANK2

    None.

Call Graph Tables:

 ---------------------------------------------------------------------------------
 (Depth) Function   	        Calls       Base Space   Used Autos Params    Refs
 ---------------------------------------------------------------------------------
 (0) _main                                                 0     0      0     277
                           _adc_init
                        _int_osc_MHz
 ---------------------------------------------------------------------------------
 (1) _int_osc_MHz                                          3     3      0      15
                                              0 COMMON     3     3      0
 ---------------------------------------------------------------------------------
 (1) _adc_init                                             5     3      2     262
                                              0 COMMON     5     3      2
 ---------------------------------------------------------------------------------
 Estimated maximum stack depth 1
 ---------------------------------------------------------------------------------

 Call Graph Graphs:

 _main (ROOT)
   _adc_init
   _int_osc_MHz

 Address spaces:
Name               Size   Autos  Total    Cost      Usage
BITCOMMON            E      0       0       0        0.0%
EEDATA             100      0       0       0        0.0%
NULL                 0      0       0       0        0.0%
CODE                 0      0       0       0        0.0%
COMMON               E      5       D       1       92.9%
BITSFR0              0      0       0       1        0.0%
SFR0                 0      0       0       1        0.0%
BITSFR1              0      0       0       2        0.0%
SFR1                 0      0       0       2        0.0%
STACK                0      0       0       2        0.0%
ABS                  0      0       D       3        0.0%
BITBANK0            50      0       0       4        0.0%
BITSFR3              0      0       0       4        0.0%
SFR3                 0      0       0       4        0.0%
BANK0               50      0       0       5        0.0%
BITSFR2              0      0       0       5        0.0%
SFR2                 0      0       0       5        0.0%
BITBANK1            50      0       0       6        0.0%
BANK1               50      0       0       7        0.0%
BITBANK3            60      0       0       8        0.0%
BANK3               60      0       0       9        0.0%
BITBANK2            60      0       0      10        0.0%
BANK2               60      0       0      11        0.0%
DATA                 0      0       D      12        0.0%


Microchip Technology PIC Macro Assembler V2.35 build 20211206165544 
Symbol Table                                                                                   Fri Jul 29 00:46:41 2022

                      l7 07A2                       l12 07A3                       l21 0766  
                     l41 07E3                       l43 07F2                       l36 07AA  
                     l45 07F3                       l37 07B0                       l38 07B6  
                     l39 07BA                      l721 0779                      l723 0780  
                    l715 076A                      l725 0785                      l717 076B  
                    l719 0772                      l727 078C                      l871 07D5  
                    l927 0794                      l873 07DB                      l929 07C7  
                    l865 07A5                      l875 07E6                      l867 07A6  
                    l883 0756                      l877 07EC                      l869 07BF  
                    u100 07DB                      u101 07DA                      u110 07EC  
                    u111 07EB                      _PR2 0092                      _val 0074  
                   _TMR0 0001                     _main 0756                     btemp 007E  
                   start 0000                    ?_main 0078       adc_init@vref_minus 0079  
        int_osc_MHz@freq 007A             ?_int_osc_MHz 0078                    status 0003  
                  wtemp0 007E          __initialization 07F4             __end_of_main 0769  
                 ??_main 007D                   _ADRESH 001E                   _ADRESL 009E  
                 _CCPR1L 0015                   _CCPR2L 001B         __end_of_adc_init 07F4  
__end_of__initialization 07FC           __pcstackCOMMON 0078           _OPTION_REGbits 0081  
         adc_init@adc_cs 007C               __pmaintext 0756                ?_adc_init 0078  
             ??_adc_init 007A                  __ptext1 0769                  __ptext2 07A4  
              _T2CONbits 0012                  _out_max 0070                  _out_min 0072  
   end_of_initialization 07FC                _TRISCbits 0087              _CCP1CONbits 0017  
            _CCP2CONbits 001D        adc_init@vref_plus 0078      start_initialization 07F4  
            __pbssCOMMON 0070                ___latbits 0002            ??_int_osc_MHz 0078  
              _input_max 0076      __end_of_int_osc_MHz 07A4                 _PIR1bits 000C  
             _ADCON0bits 001F               _ADCON1bits 009F                 _adc_init 07A4  
            _int_osc_MHz 0769              _input_small 0077               _INTCONbits 000B  
             _OSCCONbits 008F  
